
  You can now view your Streamlit app in your browser.

  Local URL: http://localhost:8502
  Network URL: http://192.168.1.20:8502
  External URL: http://23.172.200.71:8502

  For better performance, install the Watchdog module:

  $ xcode-select --install
  $ pip install watchdog
            
  Stopping...

  You can now view your Streamlit app in your browser.

  Local URL: http://localhost:8502
  Network URL: http://192.168.1.20:8502
  External URL: http://23.172.200.71:8502

  For better performance, install the Watchdog module:

  $ xcode-select --install
  $ pip install watchdog
            
  Stopping...

  You can now view your Streamlit app in your browser.

  Local URL: http://localhost:8502
  Network URL: http://192.168.1.20:8502
  External URL: http://23.172.200.71:8502

  For better performance, install the Watchdog module:

  $ xcode-select --install
  $ pip install watchdog
            
  Stopping...

  You can now view your Streamlit app in your browser.

  Local URL: http://localhost:8502
  Network URL: http://192.168.1.20:8502
  External URL: http://23.172.200.71:8502

  For better performance, install the Watchdog module:

  $ xcode-select --install
  $ pip install watchdog
            
  Stopping...

  You can now view your Streamlit app in your browser.

  Local URL: http://localhost:8502
  Network URL: http://192.168.1.20:8502
  External URL: http://23.172.200.71:8502

  For better performance, install the Watchdog module:

  $ xcode-select --install
  $ pip install watchdog
            
  Stopping...

  You can now view your Streamlit app in your browser.

  Local URL: http://localhost:8502
  Network URL: http://192.168.1.20:8502
  External URL: http://23.172.200.71:8502

  For better performance, install the Watchdog module:

  $ xcode-select --install
  $ pip install watchdog
            
  Stopping...

  You can now view your Streamlit app in your browser.

  Local URL: http://localhost:8502
  Network URL: http://192.168.1.20:8502
  External URL: http://23.172.200.71:8502

  For better performance, install the Watchdog module:

  $ xcode-select --install
  $ pip install watchdog
            
  Stopping...

  You can now view your Streamlit app in your browser.

  Local URL: http://localhost:8502
  Network URL: http://192.168.1.20:8502
  External URL: http://23.172.200.71:8502

  For better performance, install the Watchdog module:

  $ xcode-select --install
  $ pip install watchdog
            
  Stopping...

  You can now view your Streamlit app in your browser.

  Local URL: http://localhost:8502
  Network URL: http://192.168.1.20:8502
  External URL: http://23.172.200.71:8502

  For better performance, install the Watchdog module:

  $ xcode-select --install
  $ pip install watchdog
            
  Stopping...

  You can now view your Streamlit app in your browser.

  Local URL: http://localhost:8502
  Network URL: http://192.168.1.20:8502
  External URL: http://23.172.200.71:8502

  For better performance, install the Watchdog module:

  $ xcode-select --install
  $ pip install watchdog
            
  Stopping...

  You can now view your Streamlit app in your browser.

  URL: http://127.0.0.1:8502

  For better performance, install the Watchdog module:

  $ xcode-select --install
  $ pip install watchdog
            
  Stopping...

  You can now view your Streamlit app in your browser.

  URL: http://127.0.0.1:8502

  For better performance, install the Watchdog module:

  $ xcode-select --install
  $ pip install watchdog
            

  You can now view your Streamlit app in your browser.

  URL: http://127.0.0.1:8502

  For better performance, install the Watchdog module:

  $ xcode-select --install
  $ pip install watchdog
            

  You can now view your Streamlit app in your browser.

  URL: http://127.0.0.1:8502

  For better performance, install the Watchdog module:

  $ xcode-select --install
  $ pip install watchdog
            

  You can now view your Streamlit app in your browser.

  URL: http://127.0.0.1:8502

  For better performance, install the Watchdog module:

  $ xcode-select --install
  $ pip install watchdog
            

  You can now view your Streamlit app in your browser.

  URL: http://127.0.0.1:8502

  For better performance, install the Watchdog module:

  $ xcode-select --install
  $ pip install watchdog
            

  You can now view your Streamlit app in your browser.

  URL: http://127.0.0.1:8502

  For better performance, install the Watchdog module:

  $ xcode-select --install
  $ pip install watchdog
            
  Stopping...

  You can now view your Streamlit app in your browser.

  URL: http://127.0.0.1:8502

  For better performance, install the Watchdog module:

  $ xcode-select --install
  $ pip install watchdog
            
  Stopping...

  You can now view your Streamlit app in your browser.

  URL: http://127.0.0.1:8502

  For better performance, install the Watchdog module:

  $ xcode-select --install
  $ pip install watchdog
            
  Stopping...

  You can now view your Streamlit app in your browser.

  URL: http://127.0.0.1:8502

  For better performance, install the Watchdog module:

  $ xcode-select --install
  $ pip install watchdog
            
  Stopping...

  You can now view your Streamlit app in your browser.

  URL: http://127.0.0.1:8502

  For better performance, install the Watchdog module:

  $ xcode-select --install
  $ pip install watchdog
            
  Stopping...

  You can now view your Streamlit app in your browser.

  URL: http://127.0.0.1:8502

  For better performance, install the Watchdog module:

  $ xcode-select --install
  $ pip install watchdog
            
  Stopping...

  You can now view your Streamlit app in your browser.

  URL: http://127.0.0.1:8502

  For better performance, install the Watchdog module:

  $ xcode-select --install
  $ pip install watchdog
            
  Stopping...

  You can now view your Streamlit app in your browser.

  URL: http://127.0.0.1:8502

  For better performance, install the Watchdog module:

  $ xcode-select --install
  $ pip install watchdog
            
  Stopping...

  You can now view your Streamlit app in your browser.

  URL: http://127.0.0.1:8502

  For better performance, install the Watchdog module:

  $ xcode-select --install
  $ pip install watchdog
            
  Stopping...

  You can now view your Streamlit app in your browser.

  URL: http://127.0.0.1:8502

  For better performance, install the Watchdog module:

  $ xcode-select --install
  $ pip install watchdog
            
  Stopping...

  You can now view your Streamlit app in your browser.

  URL: http://127.0.0.1:8502

  For better performance, install the Watchdog module:

  $ xcode-select --install
  $ pip install watchdog
            
  Stopping...

  You can now view your Streamlit app in your browser.

  URL: http://127.0.0.1:8502

  For better performance, install the Watchdog module:

  $ xcode-select --install
  $ pip install watchdog
            
  Stopping...

  You can now view your Streamlit app in your browser.

  URL: http://127.0.0.1:8502

  For better performance, install the Watchdog module:

  $ xcode-select --install
  $ pip install watchdog
            
  Stopping...

  You can now view your Streamlit app in your browser.

  URL: http://127.0.0.1:8502

  For better performance, install the Watchdog module:

  $ xcode-select --install
  $ pip install watchdog
            
  Stopping...

  You can now view your Streamlit app in your browser.

  URL: http://127.0.0.1:8502

  For better performance, install the Watchdog module:

  $ xcode-select --install
  $ pip install watchdog
            
  Stopping...

  You can now view your Streamlit app in your browser.

  URL: http://127.0.0.1:8502

  For better performance, install the Watchdog module:

  $ xcode-select --install
  $ pip install watchdog
            
  Stopping...

  You can now view your Streamlit app in your browser.

  URL: http://127.0.0.1:8502

  For better performance, install the Watchdog module:

  $ xcode-select --install
  $ pip install watchdog
            
  Stopping...

  You can now view your Streamlit app in your browser.

  URL: http://127.0.0.1:8502

  For better performance, install the Watchdog module:

  $ xcode-select --install
  $ pip install watchdog
            
  Stopping...

  You can now view your Streamlit app in your browser.

  URL: http://127.0.0.1:8502

  For better performance, install the Watchdog module:

  $ xcode-select --install
  $ pip install watchdog
            
